<?xml version="1.0" encoding="UTF-8"?>
<!-- Generated by org.testng.reporters.JUnitReportReporter -->
<testsuite skipped="0" hostname="INMAADLF701468" name="palindrome" tests="2" failures="0" timestamp="22 Jul 2020 09:14:12 GMT" time="0.013" errors="0">
  <testcase name="shouldevennot" time="0.002" classname="palindrome"/>
  <testcase name="shouldRecognizeNonPalindrome" time="0.011" classname="palindrome"/>
</testsuite> <!-- palindrome -->
